<?xml version="1.0" encoding="UTF-8"?>
<!-- Generated by org.testng.reporters.JUnitXMLReporter -->
<testsuite ignored="0" hostname="LAPTOP-D7ID1N72" failures="0" tests="3" name="Default test" time="10.28" errors="0" timestamp="2022-04-06T18:49:51 IST">
  <testcase classname="com.qa.rest.tests.AddBookDaynamicJSON" name="addBook" time="9.301"/>
  <testcase classname="com.qa.rest.tests.AddBookDaynamicJSON" name="addBook" time="0.247"/>
  <testcase classname="com.qa.rest.tests.AddBookDaynamicJSON" name="addBook" time="0.245"/>
</testsuite> <!-- Default test -->
