<?xml version="1.0" encoding="UTF-8"?>
<testng-results ignored="0" total="3" passed="3" failed="0" skipped="0">
  <reporter-output>
  </reporter-output>
  <suite started-at="2022-04-06T18:49:40 IST" name="Default suite" finished-at="2022-04-06T18:49:50 IST" duration-ms="10280">
    <groups>
    </groups>
    <test started-at="2022-04-06T18:49:40 IST" name="Default test" finished-at="2022-04-06T18:49:50 IST" duration-ms="10280">
      <class name="com.qa.rest.tests.AddBookDaynamicJSON">
        <test-method signature="addBook(java.lang.String,java.lang.String)[pri:0, instance:com.qa.rest.tests.AddBookDaynamicJSON@149e0f5d]" started-at="2022-04-06T18:49:41 IST" name="addBook" data-provider="BooksData" finished-at="2022-04-06T18:49:50 IST" duration-ms="9301" status="PASS">
          <params>
            <param index="0">
              <value>
                <![CDATA[baba]]>
              </value>
            </param>
            <param index="1">
              <value>
                <![CDATA[1188]]>
              </value>
            </param>
          </params>
          <reporter-output>
          </reporter-output>
        </test-method> <!-- addBook -->
        <test-method signature="addBook(java.lang.String,java.lang.String)[pri:0, instance:com.qa.rest.tests.AddBookDaynamicJSON@149e0f5d]" started-at="2022-04-06T18:49:50 IST" name="addBook" data-provider="BooksData" finished-at="2022-04-06T18:49:50 IST" duration-ms="247" status="PASS">
          <params>
            <param index="0">
              <value>
                <![CDATA[caca]]>
              </value>
            </param>
            <param index="1">
              <value>
                <![CDATA[2299]]>
              </value>
            </param>
          </params>
          <reporter-output>
          </reporter-output>
        </test-method> <!-- addBook -->
        <test-method signature="addBook(java.lang.String,java.lang.String)[pri:0, instance:com.qa.rest.tests.AddBookDaynamicJSON@149e0f5d]" started-at="2022-04-06T18:49:50 IST" name="addBook" data-provider="BooksData" finished-at="2022-04-06T18:49:50 IST" duration-ms="245" status="PASS">
          <params>
            <param index="0">
              <value>
                <![CDATA[dada]]>
              </value>
            </param>
            <param index="1">
              <value>
                <![CDATA[3399]]>
              </value>
            </param>
          </params>
          <reporter-output>
          </reporter-output>
        </test-method> <!-- addBook -->
      </class> <!-- com.qa.rest.tests.AddBookDaynamicJSON -->
    </test> <!-- Default test -->
  </suite> <!-- Default suite -->
</testng-results>
